This file contains any messages produced by compilers while
running configure, to aid debugging if configure makes a mistake.

It was created by configure, which was
generated by GNU Autoconf 2.69.  Invocation command line was

  $ ./configure --with-php-config=/home/work/php8-master/php-8.3.15/.tmp/install/php/bin/php-config

## --------- ##
## Platform. ##
## --------- ##

hostname = mbtbium2ouoeotik
uname -m = x86_64
uname -r = 3.10.0-1160.53.1.el7.x86_64
uname -s = Linux
uname -v = #1 SMP Fri Jan 14 13:59:45 UTC 2022

/usr/bin/uname -p = x86_64
/bin/uname -X     = unknown

/bin/arch              = x86_64
/usr/bin/arch -k       = unknown
/usr/convex/getsysinfo = unknown
/usr/bin/hostinfo      = unknown
/bin/machine           = unknown
/usr/bin/oslevel       = unknown
/bin/universe          = unknown

PATH: /usr/bin/gcc
PATH: /usr/local/sbin
PATH: /usr/local/bin
PATH: /usr/sbin
PATH: /usr/bin
PATH: /root/bin


## ----------- ##
## Core tests. ##
## ----------- ##

configure:2335: checking for grep that handles long lines and -e
configure:2393: result: /usr/bin/grep
configure:2398: checking for egrep
configure:2460: result: /usr/bin/grep -E
configure:2465: checking for a sed that does not truncate output
configure:2529: result: /usr/bin/sed
configure:2668: checking for pkg-config
configure:2686: found /usr/bin/pkg-config
configure:2698: result: /usr/bin/pkg-config
configure:2723: checking pkg-config is at least version 0.9.0
configure:2726: result: yes
configure:2846: checking for C compiler version
configure:2855: /usr/bin/gcc --version >&5
gcc (GCC) 4.8.5 20150623 (Red Hat 4.8.5-44)
Copyright (C) 2015 Free Software Foundation, Inc.
This is free software; see the source for copying conditions.  There is NO
warranty; not even for MERCHANTABILITY or FITNESS FOR A PARTICULAR PURPOSE.

configure:2866: $? = 0
configure:2855: /usr/bin/gcc -v >&5
Using built-in specs.
COLLECT_GCC=/usr/bin/gcc
COLLECT_LTO_WRAPPER=/usr/libexec/gcc/x86_64-redhat-linux/4.8.5/lto-wrapper
Target: x86_64-redhat-linux
Configured with: ../configure --prefix=/usr --mandir=/usr/share/man --infodir=/usr/share/info --with-bugurl=http://bugzilla.redhat.com/bugzilla --enable-bootstrap --enable-shared --enable-threads=posix --enable-checking=release --with-system-zlib --enable-__cxa_atexit --disable-libunwind-exceptions --enable-gnu-unique-object --enable-linker-build-id --with-linker-hash-style=gnu --enable-languages=c,c++,objc,obj-c++,java,fortran,ada,go,lto --enable-plugin --enable-initfini-array --disable-libgcj --with-isl=/builddir/build/BUILD/gcc-4.8.5-20150702/obj-x86_64-redhat-linux/isl-install --with-cloog=/builddir/build/BUILD/gcc-4.8.5-20150702/obj-x86_64-redhat-linux/cloog-install --enable-gnu-indirect-function --with-tune=generic --with-arch_32=x86-64 --build=x86_64-redhat-linux
Thread model: posix
gcc version 4.8.5 20150623 (Red Hat 4.8.5-44) (GCC) 
configure:2866: $? = 0
configure:2855: /usr/bin/gcc -V >&5
gcc: error: unrecognized command line option '-V'
gcc: fatal error: no input files
compilation terminated.
configure:2866: $? = 4
configure:2855: /usr/bin/gcc -qversion >&5
gcc: error: unrecognized command line option '-qversion'
gcc: fatal error: no input files
compilation terminated.
configure:2866: $? = 4
configure:2886: checking whether the C compiler works
configure:2908: /usr/bin/gcc -g -O2 -fPIC   conftest.c  >&5
configure:2912: $? = 0
configure:2960: result: yes
configure:2963: checking for C compiler default output file name
configure:2965: result: a.out
configure:2971: checking for suffix of executables
configure:2978: /usr/bin/gcc -o conftest -g -O2 -fPIC   conftest.c  >&5
configure:2982: $? = 0
configure:3004: result: 
configure:3026: checking whether we are cross compiling
configure:3034: /usr/bin/gcc -o conftest -g -O2 -fPIC   conftest.c  >&5
configure:3038: $? = 0
configure:3045: ./conftest
configure:3049: $? = 0
configure:3064: result: no
configure:3069: checking for suffix of object files
configure:3091: /usr/bin/gcc -c -g -O2 -fPIC  conftest.c >&5
configure:3095: $? = 0
configure:3116: result: o
configure:3120: checking whether we are using the GNU C compiler
configure:3139: /usr/bin/gcc -c -g -O2 -fPIC  conftest.c >&5
configure:3139: $? = 0
configure:3148: result: yes
configure:3157: checking whether /usr/bin/gcc accepts -g
configure:3177: /usr/bin/gcc -c -g  conftest.c >&5
configure:3177: $? = 0
configure:3218: result: yes
configure:3235: checking for /usr/bin/gcc option to accept ISO C89
configure:3298: /usr/bin/gcc  -c -g -O2 -fPIC  conftest.c >&5
configure:3298: $? = 0
configure:3311: result: none needed
configure:3337: checking how to run the C preprocessor
configure:3368: /usr/bin/gcc -E  conftest.c
configure:3368: $? = 0
configure:3382: /usr/bin/gcc -E  conftest.c
conftest.c:9:28: fatal error: ac_nonexistent.h: No such file or directory
 #include <ac_nonexistent.h>
                            ^
compilation terminated.
configure:3382: $? = 1
configure: failed program was:
| /* confdefs.h */
| #define PACKAGE_NAME ""
| #define PACKAGE_TARNAME ""
| #define PACKAGE_VERSION ""
| #define PACKAGE_STRING ""
| #define PACKAGE_BUGREPORT ""
| #define PACKAGE_URL ""
| /* end confdefs.h.  */
| #include <ac_nonexistent.h>
configure:3407: result: /usr/bin/gcc -E
configure:3427: /usr/bin/gcc -E  conftest.c
configure:3427: $? = 0
configure:3441: /usr/bin/gcc -E  conftest.c
conftest.c:9:28: fatal error: ac_nonexistent.h: No such file or directory
 #include <ac_nonexistent.h>
                            ^
compilation terminated.
configure:3441: $? = 1
configure: failed program was:
| /* confdefs.h */
| #define PACKAGE_NAME ""
| #define PACKAGE_TARNAME ""
| #define PACKAGE_VERSION ""
| #define PACKAGE_STRING ""
| #define PACKAGE_BUGREPORT ""
| #define PACKAGE_URL ""
| /* end confdefs.h.  */
| #include <ac_nonexistent.h>
configure:3472: checking for icc
configure:3481: result: no
configure:3495: checking for suncc
configure:3504: result: no
configure:3522: checking for system library directory
configure:3537: result: lib
configure:3544: checking if compiler supports -Wl,-rpath,
configure:3563: /usr/bin/gcc -o conftest -g -O2 -fPIC   conftest.c -Wl,-rpath,/usr/lib  >&5
configure:3563: $? = 0
configure:3573: result: yes
configure:3623: checking build system type
configure:3637: result: x86_64-pc-linux-gnu
configure:3657: checking host system type
configure:3670: result: x86_64-pc-linux-gnu
configure:3690: checking target system type
configure:3703: result: x86_64-pc-linux-gnu
configure:3806: checking for PHP prefix
configure:3808: result: /home/work/php8-master/php-8.3.15/.tmp/install/php
configure:3810: checking for PHP includes
configure:3812: result: -I/home/work/php8-master/php-8.3.15/.tmp/install/php/include/php -I/home/work/php8-master/php-8.3.15/.tmp/install/php/include/php/main -I/home/work/php8-master/php-8.3.15/.tmp/install/php/include/php/TSRM -I/home/work/php8-master/php-8.3.15/.tmp/install/php/include/php/Zend -I/home/work/php8-master/php-8.3.15/.tmp/install/php/include/php/ext -I/home/work/php8-master/php-8.3.15/.tmp/install/php/include/php/ext/date/lib
configure:3814: checking for PHP extension directory
configure:3816: result: /home/work/php8-master/php-8.3.15/.tmp/install/php/ext
configure:3818: checking for PHP installed headers prefix
configure:3820: result: /home/work/php8-master/php-8.3.15/.tmp/install/php/include/php
configure:3823: checking if debug is enabled
configure:3849: result: no
configure:3852: checking if zts is enabled
configure:3878: result: no
configure:3947: checking for gawk
configure:3964: found /usr/bin/gawk
configure:3975: result: gawk
configure:4018: checking whether to enable the imagick extension
configure:4058: result: yes, shared
configure:4114: checking for pkg-config
configure:4145: result: /usr/bin/pkg-config
configure:4163: checking ImageMagick MagickWand API configuration program
configure:4196: checking Testing /usr/local/bin/MagickWand-config
configure:4213: result: Doesn't exist
configure:4196: checking Testing /usr/bin/MagickWand-config
configure:4201: result: It exists
configure:4227: result: found in /usr/bin/MagickWand-config
configure:4244: checking if ImageMagick version is at least 6.2.4
configure:4247: result: found version 6.9.10 Q16 
configure:4259: checking for MagickWand.h or magick-wand.h header
configure:4289: result: user location /usr/include/ImageMagick-6/wand/MagickWand.h
configure:4365: checking PHP version is at least 5.3.2
configure:4383: result: yes. found 8.3.15
configure:4545: checking for MagickGetVersion
configure:4545: /usr/bin/gcc -o conftest -g -O2 -fPIC   conftest.c  -lMagickWand-6.Q16 -lMagickCore-6.Q16   >&5
configure:4545: $? = 0
configure:4545: result: yes
configure:4572: checking omp_pause_resource_all usability
configure:4589: /usr/bin/gcc -c -g -O2 -fPIC  conftest.c >&5
conftest.c: In function 'main':
conftest.c:18:28: error: 'omp_pause_hard' undeclared (first use in this function)
     omp_pause_resource_all(omp_pause_hard);
                            ^
conftest.c:18:28: note: each undeclared identifier is reported only once for each function it appears in
configure:4589: $? = 1
configure: failed program was:
| /* confdefs.h */
| #define PACKAGE_NAME ""
| #define PACKAGE_TARNAME ""
| #define PACKAGE_VERSION ""
| #define PACKAGE_STRING ""
| #define PACKAGE_BUGREPORT ""
| #define PACKAGE_URL ""
| #define IM_MAGICKWAND_HEADER_STYLE_SIX 1
| #define HAVE_MAGICKGETVERSION 1
| /* end confdefs.h.  */
| 
|     #include <omp.h>
| 
| int
| main ()
| {
| 
|     omp_pause_resource_all(omp_pause_hard);
| 
|   ;
|   return 0;
| }
configure:5206: result: no
configure:5579: checking for a sed that does not truncate output
configure:5633: result: /usr/bin/sed
configure:5647: checking for ld used by /usr/bin/gcc
configure:5714: result: /usr/bin/ld
configure:5721: checking if the linker (/usr/bin/ld) is GNU ld
configure:5736: result: yes
configure:5741: checking for /usr/bin/ld option to reload object files
configure:5748: result: -r
configure:5766: checking for BSD-compatible nm
configure:5815: result: /usr/bin/nm -B
configure:5819: checking whether ln -s works
configure:5823: result: yes
configure:5830: checking how to recognize dependent libraries
configure:6016: result: pass_all
configure:6101: /usr/bin/gcc -c -g -O2 -fPIC  conftest.c >&5
configure:6104: $? = 0
configure:6233: checking for ANSI C header files
configure:6253: /usr/bin/gcc -c -g -O2 -fPIC  conftest.c >&5
configure:6253: $? = 0
configure:6326: /usr/bin/gcc -o conftest -g -O2 -fPIC   conftest.c  >&5
configure:6326: $? = 0
configure:6326: ./conftest
configure:6326: $? = 0
configure:6337: result: yes
configure:6350: checking for sys/types.h
configure:6350: /usr/bin/gcc -c -g -O2 -fPIC  conftest.c >&5
configure:6350: $? = 0
configure:6350: result: yes
configure:6350: checking for sys/stat.h
configure:6350: /usr/bin/gcc -c -g -O2 -fPIC  conftest.c >&5
configure:6350: $? = 0
configure:6350: result: yes
configure:6350: checking for stdlib.h
configure:6350: /usr/bin/gcc -c -g -O2 -fPIC  conftest.c >&5
configure:6350: $? = 0
configure:6350: result: yes
configure:6350: checking for string.h
configure:6350: /usr/bin/gcc -c -g -O2 -fPIC  conftest.c >&5
configure:6350: $? = 0
configure:6350: result: yes
configure:6350: checking for memory.h
configure:6350: /usr/bin/gcc -c -g -O2 -fPIC  conftest.c >&5
configure:6350: $? = 0
configure:6350: result: yes
configure:6350: checking for strings.h
configure:6350: /usr/bin/gcc -c -g -O2 -fPIC  conftest.c >&5
configure:6350: $? = 0
configure:6350: result: yes
configure:6350: checking for inttypes.h
configure:6350: /usr/bin/gcc -c -g -O2 -fPIC  conftest.c >&5
configure:6350: $? = 0
configure:6350: result: yes
configure:6350: checking for stdint.h
configure:6350: /usr/bin/gcc -c -g -O2 -fPIC  conftest.c >&5
configure:6350: $? = 0
configure:6350: result: yes
configure:6350: checking for unistd.h
configure:6350: /usr/bin/gcc -c -g -O2 -fPIC  conftest.c >&5
configure:6350: $? = 0
configure:6350: result: yes
configure:6364: checking dlfcn.h usability
configure:6364: /usr/bin/gcc -c -g -O2 -fPIC  conftest.c >&5
configure:6364: $? = 0
configure:6364: result: yes
configure:6364: checking dlfcn.h presence
configure:6364: /usr/bin/gcc -E  conftest.c
configure:6364: $? = 0
configure:6364: result: yes
configure:6364: checking for dlfcn.h
configure:6364: result: yes
configure:6386: checking the maximum length of command line arguments
configure:6498: result: 1572864
configure:6510: checking command to parse /usr/bin/nm -B output from /usr/bin/gcc object
configure:6615: /usr/bin/gcc -c -g -O2 -fPIC  conftest.c >&5
configure:6618: $? = 0
configure:6622: /usr/bin/nm -B conftest.o \| sed -n -e 's/^.*[ 	]\([ABCDGIRSTW][ABCDGIRSTW]*\)[ 	][ 	]*\([_A-Za-z][_A-Za-z0-9]*\)$/\1 \2 \2/p' \> conftest.nm
configure:6625: $? = 0
configure:6677: /usr/bin/gcc -o conftest -g -O2 -fPIC   conftest.c conftstm.o >&5
configure:6680: $? = 0
configure:6718: result: ok
configure:6722: checking for objdir
configure:6737: result: .libs
configure:6829: checking for ar
configure:6845: found /usr/bin/ar
configure:6856: result: ar
configure:6921: checking for ranlib
configure:6937: found /usr/bin/ranlib
configure:6948: result: ranlib
configure:7013: checking for strip
configure:7029: found /usr/bin/strip
configure:7040: result: strip
configure:7608: checking if /usr/bin/gcc supports -fno-rtti -fno-exceptions
configure:7626: /usr/bin/gcc -c -g -O2 -fPIC  -fno-rtti -fno-exceptions conftest.c >&5
cc1: warning: command line option '-fno-rtti' is valid for C++/ObjC++ but not for C [enabled by default]
configure:7630: $? = 0
configure:7643: result: no
configure:7658: checking for /usr/bin/gcc option to produce PIC
configure:7898: result: -fPIC
configure:7906: checking if /usr/bin/gcc PIC flag -fPIC works
configure:7924: /usr/bin/gcc -c -g -O2 -fPIC  -fPIC -DPIC conftest.c >&5
configure:7928: $? = 0
configure:7941: result: yes
configure:7969: checking if /usr/bin/gcc static flag -static works
configure:7997: result: no
configure:8007: checking if /usr/bin/gcc supports -c -o file.o
configure:8028: /usr/bin/gcc -c -g -O2 -fPIC  -o out/conftest2.o conftest.c >&5
configure:8032: $? = 0
configure:8054: result: yes
configure:8080: checking whether the /usr/bin/gcc linker (/usr/bin/ld -m elf_x86_64) supports shared libraries
configure:9008: result: yes
configure:9029: checking whether -lc should be explicitly linked in
configure:9034: /usr/bin/gcc -c -g -O2 -fPIC  conftest.c >&5
configure:9037: $? = 0
configure:9052: /usr/bin/gcc -shared conftest.o  -v -Wl,-soname -Wl,conftest -o conftest 2\>\&1 \| grep  -lc  \>/dev/null 2\>\&1
configure:9055: $? = 0
configure:9067: result: no
configure:9075: checking dynamic linker characteristics
configure:9684: result: GNU/Linux ld.so
configure:9708: checking how to hardcode library paths into programs
configure:9733: result: immediate
configure:9747: checking whether stripping libraries is possible
configure:9752: result: yes
configure:10263: checking if libtool supports shared libraries
configure:10265: result: yes
configure:10268: checking whether to build shared libraries
configure:10289: result: yes
configure:10292: checking whether to build static libraries
configure:10296: result: no
configure:10391: result:
creating libtool
configure:11121: checking whether the /usr/bin/gcc linker (/usr/bin/ld -m elf_x86_64) supports shared libraries
configure:12019: result: yes
configure:12040: /usr/bin/gcc -c   conftest.cpp >&5
configure:12043: $? = 0
configure:12199: checking for /usr/bin/gcc option to produce PIC
configure:12489: result: 
configure:12560: checking if /usr/bin/gcc static flag  works
configure:12588: result: yes
configure:12598: checking if /usr/bin/gcc supports -c -o file.o
configure:12619: /usr/bin/gcc -c   -o out/conftest2.o conftest.cpp >&5
configure:12623: $? = 0
configure:12645: result: yes
configure:12671: checking whether the /usr/bin/gcc linker (/usr/bin/ld -m elf_x86_64) supports shared libraries
configure:12697: result: yes
configure:12764: checking dynamic linker characteristics
configure:13321: result: GNU/Linux ld.so
configure:13345: checking how to hardcode library paths into programs
configure:13370: result: unsupported
configure:14152: patching config.h.in
configure:14163: creating ./config.status

## ---------------------- ##
## Running config.status. ##
## ---------------------- ##

This file was extended by config.status, which was
generated by GNU Autoconf 2.69.  Invocation command line was

  CONFIG_FILES    = 
  CONFIG_HEADERS  = 
  CONFIG_LINKS    = 
  CONFIG_COMMANDS = 
  $ ./config.status 

on mbtbium2ouoeotik

config.status:679: creating config.h

## ---------------- ##
## Cache variables. ##
## ---------------- ##

ac_cv_build=x86_64-pc-linux-gnu
ac_cv_c_compiler_gnu=yes
ac_cv_env_CC_set=set
ac_cv_env_CC_value=/usr/bin/gcc
ac_cv_env_CFLAGS_set=set
ac_cv_env_CFLAGS_value='-g -O2 -fPIC'
ac_cv_env_CPPFLAGS_set=
ac_cv_env_CPPFLAGS_value=
ac_cv_env_CPP_set=
ac_cv_env_CPP_value=
ac_cv_env_LDFLAGS_set=
ac_cv_env_LDFLAGS_value=
ac_cv_env_LIBS_set=
ac_cv_env_LIBS_value=
ac_cv_env_PKG_CONFIG_LIBDIR_set=
ac_cv_env_PKG_CONFIG_LIBDIR_value=
ac_cv_env_PKG_CONFIG_PATH_set=
ac_cv_env_PKG_CONFIG_PATH_value=
ac_cv_env_PKG_CONFIG_set=
ac_cv_env_PKG_CONFIG_value=
ac_cv_env_build_alias_set=
ac_cv_env_build_alias_value=
ac_cv_env_host_alias_set=
ac_cv_env_host_alias_value=
ac_cv_env_target_alias_set=
ac_cv_env_target_alias_value=
ac_cv_func_MagickGetVersion=yes
ac_cv_header_dlfcn_h=yes
ac_cv_header_inttypes_h=yes
ac_cv_header_memory_h=yes
ac_cv_header_stdc=yes
ac_cv_header_stdint_h=yes
ac_cv_header_stdlib_h=yes
ac_cv_header_string_h=yes
ac_cv_header_strings_h=yes
ac_cv_header_sys_stat_h=yes
ac_cv_header_sys_types_h=yes
ac_cv_header_unistd_h=yes
ac_cv_host=x86_64-pc-linux-gnu
ac_cv_objext=o
ac_cv_path_EGREP='/usr/bin/grep -E'
ac_cv_path_GREP=/usr/bin/grep
ac_cv_path_PKG_CONFIG=/usr/bin/pkg-config
ac_cv_path_SED=/usr/bin/sed
ac_cv_path_ac_pt_PKG_CONFIG=/usr/bin/pkg-config
ac_cv_prog_AWK=gawk
ac_cv_prog_CPP='/usr/bin/gcc -E'
ac_cv_prog_ac_ct_AR=ar
ac_cv_prog_ac_ct_RANLIB=ranlib
ac_cv_prog_ac_ct_STRIP=strip
ac_cv_prog_cc_c89=
ac_cv_prog_cc_g=yes
ac_cv_target=x86_64-pc-linux-gnu
lt_cv_deplibs_check_method=pass_all
lt_cv_file_magic_cmd='$MAGIC_CMD'
lt_cv_file_magic_test_file=
lt_cv_ld_reload_flag=-r
lt_cv_objdir=.libs
lt_cv_path_LD=/usr/bin/ld
lt_cv_path_LDCXX=
lt_cv_path_NM='/usr/bin/nm -B'
lt_cv_path_SED=/usr/bin/sed
lt_cv_prog_compiler_c_o=yes
lt_cv_prog_compiler_c_o_CXX=yes
lt_cv_prog_compiler_pic_works=yes
lt_cv_prog_compiler_rtti_exceptions=no
lt_cv_prog_compiler_static_works=no
lt_cv_prog_compiler_static_works_CXX=yes
lt_cv_prog_gnu_ld=yes
lt_cv_prog_gnu_ldcxx=
lt_cv_sys_global_symbol_pipe='sed -n -e '\''s/^.*[ 	]\([ABCDGIRSTW][ABCDGIRSTW]*\)[ 	][ 	]*\([_A-Za-z][_A-Za-z0-9]*\)$/\1 \2 \2/p'\'''
lt_cv_sys_global_symbol_to_c_name_address='sed -n -e '\''s/^: \([^ ]*\) $/  {\"\1\", (lt_ptr) 0},/p'\'' -e '\''s/^[BCDEGRST] \([^ ]*\) \([^ ]*\)$/  {"\2", (lt_ptr) \&\2},/p'\'''
lt_cv_sys_global_symbol_to_cdecl='sed -n -e '\''s/^. .* \(.*\)$/extern int \1;/p'\'''
lt_cv_sys_lib_dlsearch_path_spec='/lib /usr/lib /usr/lib64//bind9-export/ /usr/local/cuda-11.4/targets/x86_64-linux/lib /usr/lib64/mysql '
lt_cv_sys_lib_search_path_spec='/usr/lib/gcc/x86_64-redhat-linux/4.8.5 /usr/lib64 /lib64'
lt_cv_sys_max_cmd_len=1572864
lt_lt_cv_prog_compiler_c_o='"yes"'
lt_lt_cv_prog_compiler_c_o_CXX='"yes"'
lt_lt_cv_sys_global_symbol_pipe='"sed -n -e '\''s/^.*[ 	]\\([ABCDGIRSTW][ABCDGIRSTW]*\\)[ 	][ 	]*\\([_A-Za-z][_A-Za-z0-9]*\\)\$/\\1 \\2 \\2/p'\''"'
lt_lt_cv_sys_global_symbol_to_c_name_address='"sed -n -e '\''s/^: \\([^ ]*\\) \$/  {\\\"\\1\\\", (lt_ptr) 0},/p'\'' -e '\''s/^[BCDEGRST] \\([^ ]*\\) \\([^ ]*\\)\$/  {\"\\2\", (lt_ptr) \\&\\2},/p'\''"'
lt_lt_cv_sys_global_symbol_to_cdecl='"sed -n -e '\''s/^. .* \\(.*\\)\$/extern int \\1;/p'\''"'
php_cv_cc_rpath=yes

## ----------------- ##
## Output variables. ##
## ----------------- ##

AR='ar'
AWK='gawk'
BUILD_CC='/usr/bin/gcc'
CC='/usr/bin/gcc'
CFLAGS='-g -O2 -fPIC'
CONFIGURE_COMMAND=' '\''./configure'\''  '\''--with-php-config=/home/work/php8-master/php-8.3.15/.tmp/install/php/bin/php-config'\'''
CONFIGURE_OPTIONS=' '\''--with-php-config=/home/work/php8-master/php-8.3.15/.tmp/install/php/bin/php-config'\'''
CPP='/usr/bin/gcc -E'
CPPFLAGS=' -DHAVE_CONFIG_H'
DEFS='-DHAVE_CONFIG_H'
DSYMUTIL=''
ECHO='echo'
ECHO_C=''
ECHO_N='-n'
ECHO_T=''
EGREP='/usr/bin/grep -E'
EXEEXT=''
GREP='/usr/bin/grep'
LDFLAGS=''
LIBOBJS=''
LIBS=''
LIBTOOL='$(SHELL) $(top_builddir)/libtool'
LN_S='ln -s'
LTLIBOBJS=''
NMEDIT=''
OBJEXT='o'
PACKAGE_BUGREPORT=''
PACKAGE_NAME=''
PACKAGE_STRING=''
PACKAGE_TARNAME=''
PACKAGE_URL=''
PACKAGE_VERSION=''
PATH_SEPARATOR=':'
PKG_CONFIG='/usr/bin/pkg-config'
PKG_CONFIG_LIBDIR=''
PKG_CONFIG_PATH='/usr/lib/pkgconfig'
RANLIB='ranlib'
SED='/usr/bin/sed'
SHELL='/bin/sh'
SHLIB_DL_SUFFIX_NAME='so'
SHLIB_SUFFIX_NAME='so'
STRIP='strip'
ac_ct_CC=''
bindir='${exec_prefix}/bin'
build='x86_64-pc-linux-gnu'
build_alias=''
build_cpu='x86_64'
build_os='linux-gnu'
build_vendor='pc'
datadir='${datarootdir}'
datarootdir='${prefix}/share'
docdir='${datarootdir}/doc/${PACKAGE}'
dvidir='${docdir}'
exec_prefix='$(prefix)'
host='x86_64-pc-linux-gnu'
host_alias='x86_64-pc-linux-gnu'
host_cpu='x86_64'
host_os='linux-gnu'
host_vendor='pc'
htmldir='${docdir}'
includedir='${prefix}/include'
infodir='${datarootdir}/info'
libdir='${exec_prefix}/lib'
libexecdir='${exec_prefix}/libexec'
localedir='${datarootdir}/locale'
localstatedir='${prefix}/var'
mandir='${datarootdir}/man'
oldincludedir='/usr/include'
pdfdir='${docdir}'
prefix='/home/work/php8-master/php-8.3.15/.tmp/install/php'
program_transform_name='s,x,x,'
psdir='${docdir}'
sbindir='${exec_prefix}/sbin'
sharedstatedir='${prefix}/com'
sysconfdir='${prefix}/etc'
target='x86_64-pc-linux-gnu'
target_alias=''
target_cpu='x86_64'
target_os='linux-gnu'
target_vendor='pc'

## ----------- ##
## confdefs.h. ##
## ----------- ##

/* confdefs.h */
#define PACKAGE_NAME ""
#define PACKAGE_TARNAME ""
#define PACKAGE_VERSION ""
#define PACKAGE_STRING ""
#define PACKAGE_BUGREPORT ""
#define PACKAGE_URL ""
#define IM_MAGICKWAND_HEADER_STYLE_SIX 1
#define HAVE_MAGICKGETVERSION 1
#define HAVE_IMAGICK 1
#define COMPILE_DL_IMAGICK 1
#define STDC_HEADERS 1
#define HAVE_SYS_TYPES_H 1
#define HAVE_SYS_STAT_H 1
#define HAVE_STDLIB_H 1
#define HAVE_STRING_H 1
#define HAVE_MEMORY_H 1
#define HAVE_STRINGS_H 1
#define HAVE_INTTYPES_H 1
#define HAVE_STDINT_H 1
#define HAVE_UNISTD_H 1
#define HAVE_DLFCN_H 1

configure: exit 0
